TN:
SF:src/components/Alert.jsx
FN:1,(empty-report)
FNF:1
FNH:0
FNDA:0,(empty-report)
DA:1,0
DA:2,0
DA:3,0
DA:4,0
DA:5,0
DA:6,0
DA:7,0
DA:8,0
DA:9,0
DA:10,0
DA:11,0
DA:12,0
DA:13,0
DA:14,0
DA:15,0
DA:16,0
DA:17,0
DA:18,0
DA:19,0
DA:20,0
LF:20
LH:0
BRDA:1,0,0,0
BRF:1
BRH:0
end_of_record
TN:
SF:src/components/Breadcrumbs.jsx
FN:7,Breadcrumbs
FN:30,onClick
FNF:2
FNH:2
FNDA:6,Breadcrumbs
FNDA:1,onClick
DA:1,1
DA:2,1
DA:3,1
DA:4,1
DA:5,1
DA:6,1
DA:7,1
DA:8,6
DA:9,6
DA:10,6
DA:11,6
DA:12,6
DA:13,11
DA:14,1
DA:15,1
DA:16,1
DA:17,1
DA:18,1
DA:19,10
DA:20,10
DA:21,10
DA:22,10
DA:23,6
DA:24,6
DA:25,6
DA:26,6
DA:27,6
DA:28,6
DA:29,6
DA:30,6
DA:31,6
DA:32,6
DA:33,6
DA:34,6
DA:35,11
DA:36,6
DA:37,6
DA:38,5
DA:39,5
DA:40,5
DA:41,5
DA:42,5
DA:43,5
DA:44,5
DA:45,5
DA:46,5
DA:47,5
DA:48,5
DA:49,5
DA:50,5
DA:51,5
DA:52,6
DA:53,6
DA:54,6
DA:55,6
DA:56,1
DA:57,1
LF:57
LH:57
BRDA:7,0,0,6
BRDA:12,1,0,11
BRDA:13,2,0,1
BRDA:18,3,0,10
BRDA:30,4,0,1
BRDA:34,5,0,11
BRDA:35,6,0,6
BRDA:37,7,0,5
BRF:8
BRH:8
end_of_record
TN:
SF:src/components/Button.jsx
FN:13,Button
FNF:1
FNH:1
FNDA:43,Button
DA:1,1
DA:2,1
DA:3,1
DA:4,1
DA:5,1
DA:6,1
DA:7,1
DA:8,1
DA:9,1
DA:10,1
DA:11,1
DA:12,1
DA:13,43
DA:14,43
DA:15,43
DA:16,43
DA:17,43
DA:18,43
DA:19,43
DA:20,43
DA:21,43
DA:22,43
DA:23,43
DA:24,43
DA:25,43
DA:26,43
DA:27,43
DA:28,43
DA:29,43
DA:30,43
DA:31,43
DA:32,43
DA:33,43
DA:34,43
DA:35,2
DA:36,2
DA:37,2
DA:38,43
DA:39,43
DA:40,43
DA:41,43
DA:42,1
DA:43,1
LF:43
LH:43
BRDA:13,0,0,43
BRDA:14,1,0,42
BRDA:14,2,0,1
BRDA:15,3,0,7
BRDA:15,4,0,36
BRDA:24,5,0,41
BRDA:31,6,0,15
BRDA:31,7,0,28
BRDA:33,8,0,41
BRDA:34,9,0,2
BRF:10
BRH:10
end_of_record
TN:
SF:src/components/Card.jsx
FN:4,Card
FNF:1
FNH:1
FNDA:31,Card
DA:1,1
DA:2,1
DA:3,1
DA:4,31
DA:5,31
DA:6,31
DA:7,31
DA:8,31
DA:9,31
DA:10,31
DA:11,31
DA:12,31
DA:13,31
DA:14,31
DA:15,31
DA:16,31
DA:17,31
DA:18,1
DA:19,1
LF:19
LH:19
BRDA:4,0,0,31
BRF:1
BRH:1
end_of_record
TN:
SF:src/components/DemoCredentialsButton.jsx
FN:1,(empty-report)
FNF:1
FNH:0
FNDA:0,(empty-report)
DA:1,0
DA:2,0
DA:3,0
DA:4,0
DA:5,0
DA:6,0
DA:7,0
DA:8,0
DA:9,0
DA:10,0
DA:11,0
DA:12,0
DA:13,0
DA:14,0
DA:15,0
DA:16,0
DA:17,0
DA:18,0
DA:19,0
DA:20,0
DA:21,0
DA:22,0
DA:23,0
DA:24,0
DA:25,0
DA:26,0
DA:27,0
DA:28,0
DA:29,0
DA:30,0
DA:31,0
DA:32,0
DA:33,0
DA:34,0
DA:35,0
DA:36,0
DA:37,0
DA:38,0
DA:39,0
DA:40,0
DA:41,0
DA:42,0
DA:43,0
DA:44,0
DA:45,0
DA:46,0
DA:47,0
LF:47
LH:0
BRDA:1,0,0,0
BRF:1
BRH:0
end_of_record
TN:
SF:src/components/Dropdown.jsx
FN:8,Dropdown
FNF:1
FNH:1
FNDA:11,Dropdown
DA:1,1
DA:2,1
DA:3,1
DA:4,1
DA:5,1
DA:6,1
DA:7,1
DA:8,11
DA:9,11
DA:10,11
DA:11,11
DA:12,11
DA:13,11
DA:14,11
DA:15,11
DA:16,11
DA:17,11
DA:18,11
DA:19,11
DA:20,11
DA:21,11
DA:22,10
DA:23,10
DA:24,10
DA:25,11
DA:26,11
DA:27,11
DA:28,11
DA:29,11
DA:30,11
DA:31,11
DA:32,11
DA:33,11
DA:34,11
DA:35,11
DA:36,11
DA:37,11
DA:38,11
DA:39,11
DA:40,33
DA:41,33
DA:42,33
DA:43,33
DA:44,33
DA:45,11
DA:46,11
DA:47,11
DA:48,2
DA:49,11
DA:50,11
DA:51,11
DA:52,11
DA:53,1
DA:54,1
LF:54
LH:54
BRDA:8,0,0,11
BRDA:9,1,0,0
BRDA:10,2,0,0
BRDA:21,3,0,10
BRDA:47,4,0,2
BRDA:39,5,0,33
BRF:6
BRH:4
end_of_record
TN:
SF:src/components/EmptyDataPlaceholder.jsx
FN:5,EmptyDataPlaceholder
FNF:1
FNH:1
FNDA:5,EmptyDataPlaceholder
DA:1,1
DA:2,1
DA:3,1
DA:4,1
DA:5,5
DA:6,5
DA:7,5
DA:8,5
DA:9,5
DA:10,5
DA:11,5
DA:12,5
DA:13,5
DA:14,5
DA:15,5
DA:16,5
DA:17,5
DA:18,5
DA:19,5
DA:20,5
DA:21,1
DA:22,1
LF:22
LH:22
BRDA:5,0,0,5
BRF:1
BRH:1
end_of_record
TN:
SF:src/components/Footer.jsx
FN:3,Footer
FNF:1
FNH:1
FNDA:4,Footer
DA:1,1
DA:2,1
DA:3,4
DA:4,4
DA:5,4
DA:6,4
DA:7,4
DA:8,4
DA:9,4
DA:10,4
DA:11,1
DA:12,1
LF:12
LH:12
BRDA:3,0,0,4
BRF:1
BRH:1
end_of_record
TN:
SF:src/components/GuestRoute.jsx
FN:5,GuestRoute
FNF:1
FNH:1
FNDA:6,GuestRoute
DA:1,1
DA:2,1
DA:3,1
DA:4,1
DA:5,6
DA:6,6
DA:7,6
DA:8,6
DA:9,4
DA:10,4
DA:11,2
DA:12,6
DA:13,6
DA:14,1
DA:15,1
LF:15
LH:15
BRDA:5,0,0,6
BRDA:8,1,0,4
BRDA:10,2,0,2
BRDA:12,3,0,1
BRF:4
BRH:4
end_of_record
TN:
SF:src/components/Header.jsx
FN:12,Header
FN:20,onClick
FNF:2
FNH:2
FNDA:8,Header
FNDA:1,onClick
DA:1,1
DA:2,1
DA:3,1
DA:4,1
DA:5,1
DA:6,1
DA:7,1
DA:8,1
DA:9,1
DA:10,1
DA:11,1
DA:12,8
DA:13,8
DA:14,8
DA:15,8
DA:16,8
DA:17,8
DA:18,8
DA:19,8
DA:20,8
DA:21,8
DA:22,8
DA:23,8
DA:24,8
DA:25,8
DA:26,8
DA:27,8
DA:28,8
DA:29,8
DA:30,8
DA:31,8
DA:32,8
DA:33,8
DA:34,8
DA:35,1
DA:36,1
LF:36
LH:36
BRDA:12,0,0,8
BRDA:20,1,0,1
BRF:2
BRH:2
end_of_record
TN:
SF:src/components/ImageInput.jsx
FN:5,ImageInput
FN:10,handleImageChange
FN:19,handleClick
FNF:3
FNH:3
FNDA:12,ImageInput
FNDA:1,handleImageChange
FNDA:1,handleClick
DA:1,1
DA:2,1
DA:3,1
DA:4,1
DA:5,12
DA:6,12
DA:7,12
DA:8,12
DA:9,12
DA:10,12
DA:11,1
DA:12,1
DA:13,1
DA:14,1
DA:15,1
DA:16,1
DA:17,12
DA:18,12
DA:19,12
DA:20,1
DA:21,12
DA:22,12
DA:23,12
DA:24,12
DA:25,12
DA:26,11
DA:27,11
DA:28,11
DA:29,12
DA:30,12
DA:31,12
DA:32,12
DA:33,12
DA:34,12
DA:35,12
DA:36,12
DA:37,12
DA:38,3
DA:39,3
DA:40,3
DA:41,3
DA:42,3
DA:43,3
DA:44,9
DA:45,9
DA:46,12
DA:47,12
DA:48,12
DA:49,12
DA:50,12
DA:51,12
DA:52,12
DA:53,12
DA:54,12
DA:55,12
DA:56,12
DA:57,12
DA:58,12
DA:59,12
DA:60,1
DA:61,12
DA:62,12
DA:63,12
DA:64,12
DA:65,1
DA:66,1
LF:66
LH:66
BRDA:5,0,0,12
BRDA:6,1,0,10
BRDA:25,2,0,11
BRDA:37,3,0,3
BRDA:44,4,0,9
BRDA:59,5,0,1
BRDA:10,6,0,1
BRDA:19,7,0,1
BRF:8
BRH:8
end_of_record
TN:
SF:src/components/Input.jsx
FN:4,Input
FNF:1
FNH:1
FNDA:11,Input
DA:1,1
DA:2,1
DA:3,1
DA:4,11
DA:5,11
DA:6,11
DA:7,11
DA:8,11
DA:9,11
DA:10,11
DA:11,11
DA:12,11
DA:13,11
DA:14,11
DA:15,11
DA:16,11
DA:17,11
DA:18,11
DA:19,2
DA:20,2
DA:21,2
DA:22,11
DA:23,11
DA:24,11
DA:25,11
DA:26,11
DA:27,11
DA:28,11
DA:29,11
DA:30,11
DA:31,11
DA:32,11
DA:33,11
DA:34,11
DA:35,11
DA:36,11
DA:37,1
DA:38,11
DA:39,11
DA:40,11
DA:41,11
DA:42,1
DA:43,1
LF:43
LH:43
BRDA:4,0,0,11
BRDA:5,1,0,10
BRDA:5,2,0,1
BRDA:18,3,0,2
BRDA:36,4,0,1
BRF:5
BRH:5
end_of_record
TN:
SF:src/components/Modal.jsx
FN:7,Modal
FN:20,handleOverlayClick
FN:48,onClick
FNF:3
FNH:3
FNDA:10,Modal
FNDA:1,handleOverlayClick
FNDA:2,onClick
DA:1,1
DA:2,1
DA:3,1
DA:4,1
DA:5,1
DA:6,1
DA:7,10
DA:8,10
DA:9,10
DA:10,8
DA:11,10
DA:12,2
DA:13,2
DA:14,10
DA:15,10
DA:16,10
DA:17,10
DA:18,10
DA:19,10
DA:20,10
DA:21,1
DA:22,1
DA:23,10
DA:24,10
DA:25,10
DA:26,10
DA:27,10
DA:28,8
DA:29,8
DA:30,8
DA:31,8
DA:32,8
DA:33,8
DA:34,8
DA:35,8
DA:36,8
DA:37,8
DA:38,8
DA:39,8
DA:40,8
DA:41,8
DA:42,8
DA:43,8
DA:44,8
DA:45,8
DA:46,8
DA:47,8
DA:48,8
DA:49,8
DA:50,8
DA:51,8
DA:52,8
DA:53,8
DA:54,8
DA:55,8
DA:56,8
DA:57,8
DA:58,8
DA:59,8
DA:60,8
DA:61,8
DA:62,8
DA:63,8
DA:64,8
DA:65,8
DA:66,8
DA:67,10
DA:68,10
DA:69,10
DA:70,10
DA:71,1
DA:72,1
LF:72
LH:72
BRDA:7,0,0,10
BRDA:27,1,0,8
BRDA:8,2,0,10
BRDA:9,3,0,8
BRDA:11,4,0,2
BRDA:15,5,0,10
BRDA:20,6,0,1
BRDA:48,7,0,2
BRF:8
BRH:8
end_of_record
TN:
SF:src/components/NewAlert.jsx
FN:12,NewAlert
FN:41,onClick
FNF:2
FNH:2
FNDA:8,NewAlert
FNDA:1,onClick
DA:1,1
DA:2,1
DA:3,1
DA:4,1
DA:5,1
DA:6,1
DA:7,1
DA:8,1
DA:9,1
DA:10,1
DA:11,1
DA:12,8
DA:13,8
DA:14,8
DA:15,8
DA:16,8
DA:17,8
DA:18,8
DA:19,16
DA:20,16
DA:21,16
DA:22,16
DA:23,16
DA:24,16
DA:25,16
DA:26,16
DA:27,16
DA:28,16
DA:29,16
DA:30,16
DA:31,16
DA:32,16
DA:33,16
DA:34,16
DA:35,16
DA:36,16
DA:37,16
DA:38,16
DA:39,16
DA:40,16
DA:41,16
DA:42,16
DA:43,16
DA:44,16
DA:45,16
DA:46,16
DA:47,16
DA:48,16
DA:49,16
DA:50,16
DA:51,16
DA:52,8
DA:53,8
DA:54,8
DA:55,8
DA:56,8
DA:57,1
DA:58,1
LF:58
LH:58
BRDA:12,0,0,8
BRDA:18,1,0,16
BRDA:43,2,0,6
BRDA:44,3,0,5
BRDA:45,4,0,5
BRDA:41,5,0,1
BRF:6
BRH:6
end_of_record
TN:
SF:src/components/Pagination.jsx
FN:6,Pagination
FN:7,handlePageChange
FN:17,onClick
FN:26,onClick
FN:32,onClick
FNF:5
FNH:5
FNDA:12,Pagination
FNDA:5,handlePageChange
FNDA:2,onClick
FNDA:1,onClick
FNDA:2,onClick
DA:1,1
DA:2,1
DA:3,1
DA:4,1
DA:5,1
DA:6,12
DA:7,12
DA:8,5
DA:9,2
DA:10,2
DA:11,3
DA:12,12
DA:13,12
DA:14,12
DA:15,12
DA:16,12
DA:17,12
DA:18,12
DA:19,12
DA:20,12
DA:21,12
DA:22,12
DA:23,60
DA:24,60
DA:25,60
DA:26,60
DA:27,60
DA:28,60
DA:29,60
DA:30,12
DA:31,12
DA:32,12
DA:33,12
DA:34,12
DA:35,12
DA:36,12
DA:37,12
DA:38,12
DA:39,12
DA:40,1
DA:41,1
LF:41
LH:41
BRDA:6,0,0,12
BRDA:7,1,0,5
BRDA:8,2,0,4
BRDA:8,3,0,2
BRDA:10,4,0,3
BRDA:17,5,0,2
BRDA:22,6,0,60
BRDA:26,7,0,1
BRDA:32,8,0,2
BRF:9
BRH:9
end_of_record
TN:
SF:src/components/PaginationItem.jsx
FN:4,PaginationItem
FNF:1
FNH:1
FNDA:92,PaginationItem
DA:1,1
DA:2,1
DA:3,1
DA:4,92
DA:5,92
DA:6,92
DA:7,92
DA:8,92
DA:9,92
DA:10,92
DA:11,92
DA:12,92
DA:13,92
DA:14,92
DA:15,92
DA:16,92
DA:17,92
DA:18,92
DA:19,92
DA:20,1
DA:21,1
LF:21
LH:21
BRDA:4,0,0,92
BRF:1
BRH:1
end_of_record
TN:
SF:src/components/ProtectedRoute.jsx
FN:5,ProtectedRoute
FNF:1
FNH:1
FNDA:9,ProtectedRoute
DA:1,1
DA:2,1
DA:3,1
DA:4,1
DA:5,9
DA:6,9
DA:7,9
DA:8,9
DA:9,7
DA:10,7
DA:11,2
DA:12,9
DA:13,9
DA:14,1
DA:15,1
LF:15
LH:15
BRDA:5,0,0,9
BRDA:8,1,0,7
BRDA:10,2,0,2
BRDA:12,3,0,1
BRF:4
BRH:4
end_of_record
TN:
SF:src/components/Search.jsx
FN:5,Search
FN:13,onChange
FNF:2
FNH:2
FNDA:6,Search
FNDA:1,onChange
DA:1,1
DA:2,1
DA:3,1
DA:4,1
DA:5,6
DA:6,6
DA:7,6
DA:8,6
DA:9,6
DA:10,6
DA:11,6
DA:12,6
DA:13,6
DA:14,6
DA:15,6
DA:16,6
DA:17,6
DA:18,6
DA:19,6
DA:20,6
DA:21,6
DA:22,1
DA:23,1
LF:23
LH:23
BRDA:5,0,0,6
BRDA:13,1,0,1
BRF:2
BRH:2
end_of_record
TN:
SF:src/components/ToggleThemeButton.jsx
FN:7,ToggleThemeButton
FNF:1
FNH:1
FNDA:5,ToggleThemeButton
DA:1,1
DA:2,1
DA:3,1
DA:4,1
DA:5,1
DA:6,1
DA:7,5
DA:8,5
DA:9,5
DA:10,5
DA:11,5
DA:12,5
DA:13,4
DA:14,1
DA:15,1
DA:16,5
DA:17,5
DA:18,5
DA:19,5
DA:20,1
DA:21,1
LF:21
LH:21
BRDA:7,0,0,5
BRDA:12,1,0,4
BRDA:14,2,0,1
BRF:3
BRH:3
end_of_record
TN:
SF:src/components/UserDetail.jsx
FN:3,UserDetail
FNF:1
FNH:1
FNDA:6,UserDetail
DA:1,1
DA:2,1
DA:3,6
DA:4,6
DA:5,6
DA:6,6
DA:7,6
DA:8,6
DA:9,6
DA:10,6
DA:11,6
DA:12,6
DA:13,6
DA:14,6
DA:15,1
DA:16,1
LF:16
LH:16
BRDA:3,0,0,6
BRF:1
BRH:1
end_of_record
TN:
SF:src/components/UserDetailPlaceholder.jsx
FN:1,(empty-report)
FNF:1
FNH:0
FNDA:0,(empty-report)
DA:1,0
DA:2,0
DA:3,0
DA:4,0
DA:5,0
DA:6,0
DA:7,0
DA:8,0
DA:9,0
DA:10,0
DA:11,0
DA:12,0
LF:12
LH:0
BRDA:1,0,0,0
BRF:1
BRH:0
end_of_record
TN:
SF:src/components/UserItem.jsx
FN:10,UserItem
FN:43,onClick
FNF:2
FNH:2
FNDA:10,UserItem
FNDA:1,onClick
DA:1,1
DA:2,1
DA:3,1
DA:4,1
DA:5,1
DA:6,1
DA:7,1
DA:8,1
DA:9,1
DA:10,10
DA:11,10
DA:12,10
DA:13,10
DA:14,10
DA:15,10
DA:16,10
DA:17,10
DA:18,10
DA:19,10
DA:20,10
DA:21,10
DA:22,10
DA:23,10
DA:24,10
DA:25,10
DA:26,10
DA:27,10
DA:28,10
DA:29,10
DA:30,10
DA:31,10
DA:32,10
DA:33,10
DA:34,10
DA:35,10
DA:36,1
DA:37,10
DA:38,10
DA:39,10
DA:40,10
DA:41,10
DA:42,10
DA:43,10
DA:44,10
DA:45,10
DA:46,10
DA:47,10
DA:48,10
DA:49,10
DA:50,10
DA:51,10
DA:52,10
DA:53,10
DA:54,10
DA:55,10
DA:56,10
DA:57,10
DA:58,10
DA:59,10
DA:60,10
DA:61,10
DA:62,10
DA:63,10
DA:64,10
DA:65,10
DA:66,10
DA:67,10
DA:68,10
DA:69,10
DA:70,10
DA:71,10
DA:72,1
DA:73,1
LF:73
LH:73
BRDA:10,0,0,10
BRDA:35,1,0,1
BRDA:43,2,0,1
BRF:3
BRH:3
end_of_record
TN:
SF:src/components/UserItemPlaceholder.jsx
FN:1,(empty-report)
FNF:1
FNH:0
FNDA:0,(empty-report)
DA:1,0
DA:2,0
DA:3,0
DA:4,0
DA:5,0
DA:6,0
DA:7,0
DA:8,0
DA:9,0
DA:10,0
DA:11,0
DA:12,0
DA:13,0
DA:14,0
DA:15,0
LF:15
LH:0
BRDA:1,0,0,0
BRF:1
BRH:0
end_of_record
TN:
SF:src/components/LandingPage/Features.jsx
FN:5,Features
FNF:1
FNH:1
FNDA:5,Features
DA:1,1
DA:2,1
DA:3,1
DA:4,1
DA:5,1
DA:6,5
DA:7,5
DA:8,5
DA:9,5
DA:10,5
DA:11,5
DA:12,5
DA:13,5
DA:14,5
DA:15,5
DA:16,5
DA:17,5
DA:18,5
DA:19,5
DA:20,5
DA:21,5
DA:22,5
DA:23,5
DA:24,5
DA:25,5
DA:26,5
DA:27,5
DA:28,5
DA:29,5
DA:30,5
DA:31,5
DA:32,5
DA:33,5
DA:34,5
DA:35,5
DA:36,5
DA:37,5
DA:38,5
DA:39,5
DA:40,5
DA:41,5
DA:42,5
DA:43,5
DA:44,5
DA:45,5
DA:46,5
DA:47,5
DA:48,5
DA:49,5
DA:50,5
DA:51,5
DA:52,5
DA:53,5
DA:54,5
DA:55,5
DA:56,5
DA:57,5
DA:58,5
DA:59,5
DA:60,5
DA:61,5
DA:62,5
DA:63,5
DA:64,5
DA:65,5
DA:66,5
DA:67,5
DA:68,5
DA:69,5
DA:70,5
DA:71,5
DA:72,5
DA:73,5
DA:74,5
DA:75,5
DA:76,5
DA:77,5
DA:78,5
DA:79,5
DA:80,5
DA:81,5
DA:82,1
DA:83,1
LF:83
LH:83
BRDA:5,0,0,5
BRF:1
BRH:1
end_of_record
TN:
SF:src/components/LandingPage/Jumbotron.jsx
FN:6,Jumbotron
FN:26,onClick
FNF:2
FNH:2
FNDA:4,Jumbotron
FNDA:1,onClick
DA:1,1
DA:2,1
DA:3,1
DA:4,1
DA:5,1
DA:6,1
DA:7,4
DA:8,4
DA:9,4
DA:10,4
DA:11,4
DA:12,4
DA:13,4
DA:14,4
DA:15,4
DA:16,4
DA:17,4
DA:18,4
DA:19,4
DA:20,4
DA:21,4
DA:22,4
DA:23,4
DA:24,4
DA:25,4
DA:26,4
DA:27,4
DA:28,4
DA:29,4
DA:30,4
DA:31,4
DA:32,4
DA:33,4
DA:34,4
DA:35,4
DA:36,1
DA:37,1
LF:37
LH:37
BRDA:6,0,0,4
BRDA:26,1,0,1
BRF:2
BRH:2
end_of_record
TN:
SF:src/components/LandingPage/LandingPageNavbar.jsx
FN:9,LandingPageNavbar
FN:30,onClick
FN:37,onClick
FN:43,onClick
FNF:4
FNH:4
FNDA:8,LandingPageNavbar
FNDA:1,onClick
FNDA:1,onClick
FNDA:1,onClick
DA:1,1
DA:2,1
DA:3,1
DA:4,1
DA:5,1
DA:6,1
DA:7,1
DA:8,1
DA:9,1
DA:10,8
DA:11,8
DA:12,8
DA:13,8
DA:14,6
DA:15,6
DA:16,6
DA:17,2
DA:18,2
DA:19,8
DA:20,8
DA:21,8
DA:22,8
DA:23,8
DA:24,8
DA:25,8
DA:26,8
DA:27,8
DA:28,8
DA:29,6
DA:30,6
DA:31,6
DA:32,6
DA:33,6
DA:34,6
DA:35,6
DA:36,6
DA:37,6
DA:38,6
DA:39,6
DA:40,6
DA:41,6
DA:42,2
DA:43,2
DA:44,2
DA:45,2
DA:46,2
DA:47,8
DA:48,8
DA:49,8
DA:50,8
DA:51,1
DA:52,1
LF:52
LH:52
BRDA:9,0,0,8
BRDA:28,1,0,6
BRDA:42,2,0,2
BRDA:13,3,0,6
BRDA:16,4,0,2
BRDA:30,5,0,1
BRDA:37,6,0,1
BRDA:43,7,0,1
BRF:8
BRH:8
end_of_record
TN:
SF:src/components/LandingPage/Pricing.jsx
FN:3,Pricing
FNF:1
FNH:1
FNDA:6,Pricing
DA:1,1
DA:2,1
DA:3,1
DA:4,6
DA:5,6
DA:6,6
DA:7,6
DA:8,6
DA:9,6
DA:10,6
DA:11,6
DA:12,6
DA:13,6
DA:14,6
DA:15,6
DA:16,6
DA:17,6
DA:18,6
DA:19,6
DA:20,6
DA:21,6
DA:22,6
DA:23,6
DA:24,6
DA:25,6
DA:26,6
DA:27,6
DA:28,6
DA:29,6
DA:30,6
DA:31,6
DA:32,6
DA:33,6
DA:34,6
DA:35,6
DA:36,6
DA:37,6
DA:38,6
DA:39,6
DA:40,6
DA:41,6
DA:42,6
DA:43,6
DA:44,6
DA:45,6
DA:46,6
DA:47,6
DA:48,6
DA:49,6
DA:50,6
DA:51,6
DA:52,6
DA:53,6
DA:54,6
DA:55,6
DA:56,6
DA:57,6
DA:58,6
DA:59,6
DA:60,6
DA:61,6
DA:62,6
DA:63,6
DA:64,1
DA:65,1
LF:65
LH:65
BRDA:3,0,0,6
BRF:1
BRH:1
end_of_record
TN:
SF:src/pages/DetailPage/index.jsx
FN:1,(empty-report)
FNF:1
FNH:0
FNDA:0,(empty-report)
DA:1,0
DA:2,0
DA:3,0
DA:4,0
DA:5,0
DA:6,0
DA:7,0
DA:8,0
DA:9,0
DA:10,0
DA:11,0
DA:12,0
DA:13,0
DA:14,0
DA:15,0
DA:16,0
DA:17,0
DA:18,0
DA:19,0
DA:20,0
DA:21,0
DA:22,0
DA:23,0
DA:24,0
DA:25,0
DA:26,0
DA:27,0
DA:28,0
DA:29,0
DA:30,0
DA:31,0
DA:32,0
DA:33,0
DA:34,0
DA:35,0
DA:36,0
DA:37,0
DA:38,0
DA:39,0
DA:40,0
DA:41,0
DA:42,0
DA:43,0
DA:44,0
DA:45,0
DA:46,0
DA:47,0
DA:48,0
DA:49,0
DA:50,0
DA:51,0
DA:52,0
DA:53,0
DA:54,0
DA:55,0
DA:56,0
DA:57,0
DA:58,0
DA:59,0
DA:60,0
DA:61,0
DA:62,0
DA:63,0
DA:64,0
DA:65,0
DA:66,0
DA:67,0
DA:68,0
DA:69,0
DA:70,0
DA:71,0
DA:72,0
DA:73,0
DA:74,0
DA:75,0
DA:76,0
DA:77,0
DA:78,0
DA:79,0
DA:80,0
DA:81,0
DA:82,0
DA:83,0
DA:84,0
DA:85,0
DA:86,0
DA:87,0
DA:88,0
DA:89,0
DA:90,0
DA:91,0
DA:92,0
DA:93,0
DA:94,0
DA:95,0
DA:96,0
DA:97,0
DA:98,0
DA:99,0
DA:100,0
DA:101,0
DA:102,0
DA:103,0
DA:104,0
DA:105,0
DA:106,0
DA:107,0
DA:108,0
DA:109,0
DA:110,0
DA:111,0
DA:112,0
DA:113,0
DA:114,0
DA:115,0
DA:116,0
DA:117,0
DA:118,0
DA:119,0
DA:120,0
DA:121,0
DA:122,0
DA:123,0
DA:124,0
DA:125,0
DA:126,0
DA:127,0
DA:128,0
DA:129,0
DA:130,0
DA:131,0
DA:132,0
DA:133,0
DA:134,0
DA:135,0
DA:136,0
DA:137,0
DA:138,0
DA:139,0
DA:140,0
DA:141,0
DA:142,0
DA:143,0
DA:144,0
DA:145,0
DA:146,0
DA:147,0
DA:148,0
DA:149,0
DA:150,0
DA:151,0
DA:152,0
DA:153,0
DA:154,0
DA:155,0
DA:156,0
DA:157,0
DA:158,0
DA:159,0
DA:160,0
DA:161,0
DA:162,0
DA:163,0
DA:164,0
DA:165,0
DA:166,0
DA:167,0
DA:168,0
DA:169,0
DA:170,0
DA:171,0
DA:172,0
DA:173,0
DA:174,0
DA:175,0
DA:176,0
DA:177,0
DA:178,0
DA:179,0
DA:180,0
DA:181,0
DA:182,0
DA:183,0
DA:184,0
DA:185,0
DA:186,0
DA:187,0
DA:188,0
DA:189,0
DA:190,0
DA:191,0
DA:192,0
DA:193,0
DA:194,0
DA:195,0
DA:196,0
DA:197,0
DA:198,0
DA:199,0
DA:200,0
DA:201,0
DA:202,0
DA:203,0
DA:204,0
DA:205,0
DA:206,0
DA:207,0
DA:208,0
DA:209,0
DA:210,0
DA:211,0
DA:212,0
DA:213,0
DA:214,0
DA:215,0
DA:216,0
DA:217,0
DA:218,0
DA:219,0
DA:220,0
DA:221,0
DA:222,0
DA:223,0
DA:224,0
DA:225,0
DA:226,0
DA:227,0
DA:228,0
DA:229,0
DA:230,0
DA:231,0
DA:232,0
DA:233,0
DA:234,0
DA:235,0
DA:236,0
DA:237,0
DA:238,0
DA:239,0
DA:240,0
DA:241,0
DA:242,0
DA:243,0
DA:244,0
DA:245,0
DA:246,0
DA:247,0
DA:248,0
DA:249,0
DA:250,0
DA:251,0
DA:252,0
DA:253,0
DA:254,0
DA:255,0
DA:256,0
DA:257,0
DA:258,0
DA:259,0
DA:260,0
DA:261,0
DA:262,0
DA:263,0
DA:264,0
DA:265,0
DA:266,0
DA:267,0
DA:268,0
DA:269,0
DA:270,0
DA:271,0
DA:272,0
DA:273,0
DA:274,0
DA:275,0
DA:276,0
DA:277,0
DA:278,0
DA:279,0
DA:280,0
DA:281,0
DA:282,0
DA:283,0
DA:284,0
DA:285,0
DA:286,0
DA:287,0
DA:288,0
DA:289,0
DA:290,0
DA:291,0
DA:292,0
DA:293,0
DA:294,0
DA:295,0
DA:296,0
DA:297,0
DA:298,0
DA:299,0
DA:300,0
DA:301,0
DA:302,0
DA:303,0
DA:304,0
LF:304
LH:0
BRDA:1,0,0,0
BRF:1
BRH:0
end_of_record
TN:
SF:src/pages/HomePage/index.jsx
FN:18,HomePage
FN:27,pageChangeHandler
FN:32,searchChangeHandler
FN:72,onClick
FNF:4
FNH:3
FNDA:19,HomePage
FNDA:1,pageChangeHandler
FNDA:1,searchChangeHandler
FNDA:0,onClick
DA:1,1
DA:2,1
DA:3,1
DA:4,1
DA:5,1
DA:6,1
DA:7,1
DA:8,1
DA:9,1
DA:10,1
DA:11,1
DA:12,1
DA:13,1
DA:14,1
DA:15,1
DA:16,1
DA:17,1
DA:18,19
DA:19,19
DA:20,19
DA:21,19
DA:22,19
DA:23,19
DA:24,19
DA:25,19
DA:26,19
DA:27,19
DA:28,1
DA:29,1
DA:30,19
DA:31,19
DA:32,19
DA:33,1
DA:34,19
DA:35,19
DA:36,19
DA:37,9
DA:38,9
DA:39,19
DA:40,19
DA:41,19
DA:42,9
DA:43,9
DA:44,9
DA:45,27
DA:46,27
DA:47,27
DA:48,27
DA:49,9
DA:50,9
DA:51,9
DA:52,19
DA:53,19
DA:54,19
DA:55,19
DA:56,19
DA:57,19
DA:58,19
DA:59,19
DA:60,19
DA:61,19
DA:62,19
DA:63,19
DA:64,19
DA:65,19
DA:66,19
DA:67,19
DA:68,19
DA:69,19
DA:70,19
DA:71,19
DA:72,19
DA:73,19
DA:74,19
DA:75,19
DA:76,19
DA:77,19
DA:78,19
DA:79,19
DA:80,19
DA:81,19
DA:82,19
DA:83,19
DA:84,19
DA:85,19
DA:86,19
DA:87,19
DA:88,19
DA:89,19
DA:90,19
DA:91,2
DA:92,12
DA:93,2
DA:94,17
DA:95,28
DA:96,17
DA:97,19
DA:98,19
DA:99,19
DA:100,0
DA:101,19
DA:102,19
DA:103,19
DA:104,19
DA:105,1
DA:106,1
LF:106
LH:105
BRDA:18,0,0,19
BRDA:23,1,0,0
BRDA:91,2,0,2
BRDA:94,3,0,17
BRDA:99,4,0,0
BRDA:99,5,0,0
BRDA:27,6,0,1
BRDA:32,7,0,1
BRDA:36,8,0,9
BRDA:41,9,0,9
BRDA:44,10,0,27
BRDA:91,11,0,12
BRDA:94,12,0,28
BRF:13
BRH:10
end_of_record
TN:
SF:src/pages/LandingPage/index.jsx
FN:8,LandingPage
FNF:1
FNH:1
FNDA:3,LandingPage
DA:1,1
DA:2,1
DA:3,1
DA:4,1
DA:5,1
DA:6,1
DA:7,1
DA:8,1
DA:9,3
DA:10,3
DA:11,3
DA:12,3
DA:13,3
DA:14,3
DA:15,3
DA:16,3
DA:17,3
DA:18,3
DA:19,1
DA:20,1
LF:20
LH:20
BRDA:8,0,0,3
BRF:1
BRH:1
end_of_record
TN:
SF:src/pages/LoginPage/index.jsx
FN:1,(empty-report)
FNF:1
FNH:0
FNDA:0,(empty-report)
DA:1,0
DA:2,0
DA:3,0
DA:4,0
DA:5,0
DA:6,0
DA:7,0
DA:8,0
DA:9,0
DA:10,0
DA:11,0
DA:12,0
DA:13,0
DA:14,0
DA:15,0
DA:16,0
DA:17,0
DA:18,0
DA:19,0
DA:20,0
DA:21,0
DA:22,0
DA:23,0
DA:24,0
DA:25,0
DA:26,0
DA:27,0
DA:28,0
DA:29,0
DA:30,0
DA:31,0
DA:32,0
DA:33,0
DA:34,0
DA:35,0
DA:36,0
DA:37,0
DA:38,0
DA:39,0
DA:40,0
DA:41,0
DA:42,0
DA:43,0
DA:44,0
DA:45,0
DA:46,0
DA:47,0
DA:48,0
DA:49,0
DA:50,0
DA:51,0
DA:52,0
DA:53,0
DA:54,0
DA:55,0
DA:56,0
DA:57,0
DA:58,0
DA:59,0
DA:60,0
DA:61,0
DA:62,0
DA:63,0
DA:64,0
DA:65,0
DA:66,0
DA:67,0
DA:68,0
DA:69,0
DA:70,0
DA:71,0
DA:72,0
DA:73,0
DA:74,0
DA:75,0
DA:76,0
DA:77,0
DA:78,0
DA:79,0
DA:80,0
DA:81,0
DA:82,0
DA:83,0
DA:84,0
DA:85,0
DA:86,0
DA:87,0
DA:88,0
DA:89,0
DA:90,0
DA:91,0
DA:92,0
DA:93,0
DA:94,0
DA:95,0
DA:96,0
DA:97,0
DA:98,0
DA:99,0
DA:100,0
DA:101,0
DA:102,0
DA:103,0
DA:104,0
DA:105,0
DA:106,0
DA:107,0
DA:108,0
DA:109,0
DA:110,0
DA:111,0
DA:112,0
DA:113,0
LF:113
LH:0
BRDA:1,0,0,0
BRF:1
BRH:0
end_of_record
TN:
SF:src/pages/NotFoundPage/index.jsx
FN:4,NotFoundPage
FNF:1
FNH:1
FNDA:3,NotFoundPage
DA:1,1
DA:2,1
DA:3,1
DA:4,1
DA:5,3
DA:6,3
DA:7,3
DA:8,3
DA:9,3
DA:10,3
DA:11,3
DA:12,3
DA:13,3
DA:14,1
DA:15,1
LF:15
LH:15
BRDA:4,0,0,3
BRF:1
BRH:1
end_of_record
TN:
SF:src/pages/RegisterPage/index.jsx
FN:1,(empty-report)
FNF:1
FNH:0
FNDA:0,(empty-report)
DA:1,0
DA:2,0
DA:3,0
DA:4,0
DA:5,0
DA:6,0
DA:7,0
DA:8,0
DA:9,0
DA:10,0
DA:11,0
DA:12,0
DA:13,0
DA:14,0
DA:15,0
DA:16,0
DA:17,0
DA:18,0
DA:19,0
DA:20,0
DA:21,0
DA:22,0
DA:23,0
DA:24,0
DA:25,0
DA:26,0
DA:27,0
DA:28,0
DA:29,0
DA:30,0
DA:31,0
DA:32,0
DA:33,0
DA:34,0
DA:35,0
DA:36,0
DA:37,0
DA:38,0
DA:39,0
DA:40,0
DA:41,0
DA:42,0
DA:43,0
DA:44,0
DA:45,0
DA:46,0
DA:47,0
DA:48,0
DA:49,0
DA:50,0
DA:51,0
DA:52,0
DA:53,0
DA:54,0
DA:55,0
DA:56,0
DA:57,0
DA:58,0
DA:59,0
DA:60,0
DA:61,0
DA:62,0
DA:63,0
DA:64,0
DA:65,0
DA:66,0
DA:67,0
DA:68,0
DA:69,0
DA:70,0
DA:71,0
DA:72,0
DA:73,0
DA:74,0
DA:75,0
DA:76,0
DA:77,0
DA:78,0
DA:79,0
DA:80,0
DA:81,0
DA:82,0
DA:83,0
DA:84,0
DA:85,0
DA:86,0
DA:87,0
DA:88,0
DA:89,0
DA:90,0
DA:91,0
DA:92,0
DA:93,0
DA:94,0
DA:95,0
DA:96,0
DA:97,0
DA:98,0
DA:99,0
DA:100,0
DA:101,0
DA:102,0
DA:103,0
DA:104,0
DA:105,0
DA:106,0
DA:107,0
DA:108,0
LF:108
LH:0
BRDA:1,0,0,0
BRF:1
BRH:0
end_of_record
TN:
SF:src/pages/Users/FormStep1.jsx
FN:1,(empty-report)
FNF:1
FNH:0
FNDA:0,(empty-report)
DA:1,0
DA:2,0
DA:3,0
DA:4,0
DA:5,0
DA:6,0
DA:7,0
DA:8,0
DA:9,0
DA:10,0
DA:11,0
DA:12,0
DA:13,0
DA:14,0
DA:15,0
DA:16,0
DA:17,0
DA:18,0
DA:19,0
DA:20,0
DA:21,0
DA:22,0
DA:23,0
DA:24,0
DA:25,0
DA:26,0
DA:27,0
DA:28,0
DA:29,0
DA:30,0
DA:31,0
DA:32,0
DA:33,0
DA:34,0
DA:35,0
DA:36,0
DA:37,0
DA:38,0
DA:39,0
DA:40,0
DA:41,0
DA:42,0
DA:43,0
DA:44,0
DA:45,0
DA:46,0
DA:47,0
DA:48,0
DA:49,0
DA:50,0
DA:51,0
DA:52,0
DA:53,0
DA:54,0
DA:55,0
DA:56,0
DA:57,0
DA:58,0
DA:59,0
DA:60,0
DA:61,0
DA:62,0
DA:63,0
DA:64,0
DA:65,0
DA:66,0
DA:67,0
DA:68,0
DA:69,0
DA:70,0
DA:71,0
DA:72,0
DA:73,0
DA:74,0
DA:75,0
DA:76,0
DA:77,0
DA:78,0
DA:79,0
DA:80,0
DA:81,0
DA:82,0
DA:83,0
DA:84,0
DA:85,0
DA:86,0
DA:87,0
DA:88,0
DA:89,0
DA:90,0
DA:91,0
LF:91
LH:0
BRDA:1,0,0,0
BRF:1
BRH:0
end_of_record
TN:
SF:src/pages/Users/FormStep2.jsx
FN:1,(empty-report)
FNF:1
FNH:0
FNDA:0,(empty-report)
DA:1,0
DA:2,0
DA:3,0
DA:4,0
DA:5,0
DA:6,0
DA:7,0
DA:8,0
DA:9,0
DA:10,0
DA:11,0
DA:12,0
DA:13,0
DA:14,0
DA:15,0
DA:16,0
DA:17,0
DA:18,0
DA:19,0
DA:20,0
DA:21,0
DA:22,0
DA:23,0
DA:24,0
DA:25,0
DA:26,0
DA:27,0
DA:28,0
DA:29,0
DA:30,0
DA:31,0
DA:32,0
DA:33,0
DA:34,0
DA:35,0
DA:36,0
DA:37,0
DA:38,0
DA:39,0
DA:40,0
DA:41,0
DA:42,0
DA:43,0
DA:44,0
DA:45,0
DA:46,0
DA:47,0
DA:48,0
DA:49,0
DA:50,0
DA:51,0
DA:52,0
DA:53,0
DA:54,0
DA:55,0
DA:56,0
DA:57,0
DA:58,0
DA:59,0
DA:60,0
DA:61,0
DA:62,0
DA:63,0
DA:64,0
DA:65,0
DA:66,0
DA:67,0
DA:68,0
DA:69,0
DA:70,0
DA:71,0
DA:72,0
DA:73,0
DA:74,0
DA:75,0
DA:76,0
DA:77,0
DA:78,0
DA:79,0
DA:80,0
DA:81,0
DA:82,0
DA:83,0
DA:84,0
DA:85,0
DA:86,0
DA:87,0
DA:88,0
DA:89,0
DA:90,0
DA:91,0
DA:92,0
DA:93,0
DA:94,0
DA:95,0
DA:96,0
DA:97,0
DA:98,0
DA:99,0
DA:100,0
DA:101,0
DA:102,0
DA:103,0
DA:104,0
DA:105,0
DA:106,0
DA:107,0
DA:108,0
DA:109,0
LF:109
LH:0
BRDA:1,0,0,0
BRF:1
BRH:0
end_of_record
TN:
SF:src/pages/Users/userFormValidations.js
FN:1,formValidationStep1
FN:45,formValidationStep2
FN:87,userFormValidation
FNF:3
FNH:0
FNDA:0,formValidationStep1
FNDA:0,formValidationStep2
FNDA:0,userFormValidation
DA:1,1
DA:2,0
DA:3,0
DA:4,0
DA:5,0
DA:6,0
DA:7,0
DA:8,0
DA:9,0
DA:10,0
DA:11,0
DA:12,0
DA:13,0
DA:14,0
DA:15,0
DA:16,0
DA:17,0
DA:18,0
DA:19,0
DA:20,0
DA:21,0
DA:22,0
DA:23,0
DA:24,0
DA:25,0
DA:26,0
DA:27,0
DA:28,0
DA:29,0
DA:30,0
DA:31,0
DA:32,0
DA:33,0
DA:34,0
DA:35,0
DA:36,0
DA:37,0
DA:38,0
DA:39,0
DA:40,0
DA:41,0
DA:42,0
DA:43,0
DA:44,1
DA:45,1
DA:46,0
DA:47,0
DA:48,0
DA:49,0
DA:50,0
DA:51,0
DA:52,0
DA:53,0
DA:54,0
DA:55,0
DA:56,0
DA:57,0
DA:58,0
DA:59,0
DA:60,0
DA:61,0
DA:62,0
DA:63,0
DA:64,0
DA:65,0
DA:66,0
DA:67,0
DA:68,0
DA:69,0
DA:70,0
DA:71,0
DA:72,0
DA:73,0
DA:74,0
DA:75,0
DA:76,0
DA:77,0
DA:78,0
DA:79,0
DA:80,0
DA:81,0
DA:82,0
DA:83,0
DA:84,0
DA:85,0
DA:86,1
DA:87,1
DA:88,0
DA:89,0
LF:89
LH:5
BRF:0
BRH:0
end_of_record
TN:
SF:src/pages/Users/AddUserPage/index.jsx
FN:2,_regeneratorDefine2
FN:2,_regeneratorDefine
FN:2,o
FN:2,asyncGeneratorStep
FN:2,_asyncToGenerator
FN:2,_next
FN:2,_throw
FN:2,_slicedToArray
FN:2,_nonIterableRest
FN:2,_unsupportedIterableToArray
FN:2,_arrayLikeToArray
FN:2,_iterableToArrayLimit
FN:2,_arrayWithHoles
FN:41,AddUserPage
FN:49,_callee
FN:54,handleNextStep
FN:66,handlePreviousStep
FNF:17
FNH:12
FNDA:1,_regeneratorDefine2
FNDA:14,_regeneratorDefine
FNDA:3,o
FNDA:8,asyncGeneratorStep
FNDA:10,_asyncToGenerator
FNDA:8,_next
FNDA:0,_throw
FNDA:10,_slicedToArray
FNDA:0,_nonIterableRest
FNDA:0,_unsupportedIterableToArray
FNDA:0,_arrayLikeToArray
FNDA:0,_iterableToArrayLimit
FNDA:10,_arrayWithHoles
FNDA:10,AddUserPage
FNDA:4,_callee
FNDA:2,handleNextStep
FNDA:1,handlePreviousStep
DA:1,1
DA:2,10
DA:3,1
DA:4,1
DA:5,1
DA:6,1
DA:7,1
DA:8,1
DA:9,1
DA:10,1
DA:11,1
DA:12,1
DA:13,1
DA:14,1
DA:15,1
DA:16,1
DA:17,1
DA:18,1
DA:19,1
DA:20,1
DA:21,1
DA:22,1
DA:23,1
DA:24,1
DA:25,1
DA:26,1
DA:27,1
DA:28,1
DA:29,1
DA:30,1
DA:31,1
DA:32,1
DA:33,1
DA:34,1
DA:35,1
DA:36,1
DA:37,1
DA:38,1
DA:39,1
DA:40,1
DA:41,10
DA:42,10
DA:43,10
DA:44,10
DA:45,10
DA:46,10
DA:47,10
DA:48,10
DA:49,10
DA:50,4
DA:51,4
DA:52,10
DA:53,10
DA:54,10
DA:55,2
DA:56,0
DA:57,0
DA:58,2
DA:59,2
DA:60,2
DA:61,2
DA:62,1
DA:63,1
DA:64,10
DA:65,10
DA:66,10
DA:67,1
DA:68,0
DA:69,0
DA:70,1
DA:71,1
DA:72,10
DA:73,10
DA:74,10
DA:75,8
DA:76,8
DA:77,10
DA:78,10
DA:79,10
DA:80,10
DA:81,10
DA:82,10
DA:83,10
DA:84,10
DA:85,10
DA:86,10
DA:87,10
DA:88,10
DA:89,10
DA:90,10
DA:91,10
DA:92,10
DA:93,10
DA:94,10
DA:95,10
DA:96,10
DA:97,10
DA:98,10
DA:99,10
DA:100,10
DA:101,10
DA:102,10
DA:103,10
DA:104,10
DA:105,10
DA:106,10
DA:107,10
DA:108,10
DA:109,10
DA:110,10
DA:111,10
DA:112,10
DA:113,10
DA:114,10
DA:115,10
DA:116,10
DA:117,10
DA:118,10
DA:119,10
DA:120,10
DA:121,9
DA:122,1
DA:123,1
DA:124,1
DA:125,1
DA:126,1
DA:127,10
DA:128,10
DA:129,10
DA:130,10
DA:131,10
DA:132,10
DA:133,10
DA:134,10
DA:135,1
DA:136,1
LF:136
LH:132
BRDA:2,0,0,1
BRDA:2,1,0,0
BRDA:2,2,0,14
BRDA:2,3,0,13
BRDA:2,4,0,0
BRDA:2,5,0,1
BRDA:2,6,0,3
BRDA:2,7,0,8
BRDA:2,8,0,8
BRDA:2,9,0,0
BRDA:2,10,0,4
BRDA:2,11,0,4
BRDA:2,12,0,10
BRDA:2,13,0,4
BRDA:2,14,0,4
BRDA:2,15,0,8
BRDA:2,16,0,10
BRDA:2,17,0,0
BRDA:2,18,0,0
BRDA:2,19,0,0
BRDA:2,20,0,10
BRDA:41,21,0,10
BRDA:120,22,0,9
BRDA:122,23,0,1
BRDA:49,24,0,10
BRDA:49,25,0,4
BRDA:49,26,0,8
BRDA:49,27,0,4
BRDA:50,28,0,4
BRDA:54,29,0,2
BRDA:55,30,0,0
BRDA:61,31,0,1
BRDA:62,32,0,1
BRDA:66,33,0,1
BRDA:67,34,0,0
BRDA:71,35,0,1
BRDA:74,36,0,8
BRF:37
BRH:29
end_of_record
TN:
SF:src/pages/Users/EditUserPage/index.jsx
FN:2,_regeneratorDefine2
FN:2,_regeneratorDefine
FN:2,o
FN:2,asyncGeneratorStep
FN:2,_asyncToGenerator
FN:2,_next
FN:2,_throw
FN:2,ownKeys
FN:2,_objectSpread
FN:2,_defineProperty
FN:2,_toPropertyKey
FN:2,_toPrimitive
FN:2,_slicedToArray
FN:2,_nonIterableRest
FN:2,_unsupportedIterableToArray
FN:2,_arrayLikeToArray
FN:2,_iterableToArrayLimit
FN:2,_arrayWithHoles
FN:19,EditUserPage
FN:31,_callee
FN:36,handleNextStep
FN:48,handlePreviousStep
FNF:22
FNH:17
FNDA:1,_regeneratorDefine2
FNDA:14,_regeneratorDefine
FNDA:3,o
FNDA:8,asyncGeneratorStep
FNDA:11,_asyncToGenerator
FNDA:8,_next
FNDA:0,_throw
FNDA:22,ownKeys
FNDA:22,_objectSpread
FNDA:165,_defineProperty
FNDA:165,_toPropertyKey
FNDA:165,_toPrimitive
FNDA:11,_slicedToArray
FNDA:0,_nonIterableRest
FNDA:0,_unsupportedIterableToArray
FNDA:0,_arrayLikeToArray
FNDA:0,_iterableToArrayLimit
FNDA:11,_arrayWithHoles
FNDA:11,EditUserPage
FNDA:4,_callee
FNDA:2,handleNextStep
FNDA:1,handlePreviousStep
DA:1,1
DA:2,11
DA:3,1
DA:4,1
DA:5,1
DA:6,1
DA:7,1
DA:8,1
DA:9,1
DA:10,1
DA:11,1
DA:12,1
DA:13,1
DA:14,1
DA:15,1
DA:16,1
DA:17,1
DA:18,1
DA:19,11
DA:20,11
DA:21,11
DA:22,11
DA:23,11
DA:24,11
DA:25,11
DA:26,11
DA:27,11
DA:28,11
DA:29,11
DA:30,11
DA:31,11
DA:32,4
DA:33,4
DA:34,11
DA:35,11
DA:36,11
DA:37,2
DA:38,0
DA:39,0
DA:40,2
DA:41,2
DA:42,2
DA:43,2
DA:44,1
DA:45,1
DA:46,11
DA:47,11
DA:48,11
DA:49,1
DA:50,0
DA:51,0
DA:52,1
DA:53,1
DA:54,11
DA:55,11
DA:56,11
DA:57,9
DA:58,9
DA:59,11
DA:60,11
DA:61,11
DA:62,1
DA:63,1
DA:64,10
DA:65,10
DA:66,10
DA:67,10
DA:68,10
DA:69,10
DA:70,10
DA:71,10
DA:72,10
DA:73,10
DA:74,10
DA:75,10
DA:76,10
DA:77,10
DA:78,10
DA:79,10
DA:80,10
DA:81,10
DA:82,10
DA:83,10
DA:84,10
DA:85,10
DA:86,10
DA:87,10
DA:88,10
DA:89,10
DA:90,10
DA:91,10
DA:92,10
DA:93,10
DA:94,10
DA:95,10
DA:96,10
DA:97,10
DA:98,10
DA:99,10
DA:100,10
DA:101,10
DA:102,10
DA:103,10
DA:104,10
DA:105,9
DA:106,1
DA:107,1
DA:108,1
DA:109,1
DA:110,1
DA:111,11
DA:112,11
DA:113,11
DA:114,11
DA:115,11
DA:116,11
DA:117,11
DA:118,11
DA:119,1
DA:120,1
LF:120
LH:116
BRDA:2,0,0,1
BRDA:2,1,0,0
BRDA:2,2,0,14
BRDA:2,3,0,13
BRDA:2,4,0,0
BRDA:2,5,0,1
BRDA:2,6,0,3
BRDA:2,7,0,8
BRDA:2,8,0,8
BRDA:2,9,0,0
BRDA:2,10,0,4
BRDA:2,11,0,4
BRDA:2,12,0,11
BRDA:2,13,0,4
BRDA:2,14,0,4
BRDA:2,15,0,8
BRDA:2,16,0,22
BRDA:2,17,0,22
BRDA:2,18,0,33
BRDA:2,19,0,0
BRDA:2,20,0,22
BRDA:2,21,0,11
BRDA:2,22,0,0
BRDA:2,23,0,165
BRDA:2,24,0,165
BRDA:2,25,0,0
BRDA:2,26,0,165
BRDA:2,27,0,0
BRDA:2,28,0,165
BRDA:2,29,0,0
BRDA:2,30,0,0
BRDA:2,31,0,0
BRDA:2,32,0,11
BRDA:2,33,0,0
BRDA:2,34,0,0
BRDA:2,35,0,0
BRDA:2,36,0,11
BRDA:19,37,0,11
BRDA:61,38,0,1
BRDA:63,39,0,10
BRDA:104,40,0,9
BRDA:106,41,0,1
BRDA:31,42,0,11
BRDA:31,43,0,4
BRDA:31,44,0,8
BRDA:31,45,0,4
BRDA:32,46,0,4
BRDA:36,47,0,2
BRDA:37,48,0,0
BRDA:43,49,0,1
BRDA:44,50,0,1
BRDA:48,51,0,1
BRDA:49,52,0,0
BRDA:53,53,0,1
BRDA:56,54,0,9
BRF:55
BRH:40
end_of_record
